<test-run id="2" testcasecount="0" result="Passed" start-time="2026-07-18 23:35:36.478470" end-time="2026-07-18 23:35:39.921968" duration="3" total="0" passed="0" failed="0" inconclusive="0" skipped="0" asserts="0" clr-version="3.12.7 | packaged by Anaconda, Inc. | (main, Oct  4 2024, 08:22:19) [Clang 14.0.6 ]" engine-version="3.6.2"><command-line>/opt/anaconda3/lib/python3.12/site-packages/pytest/__main__.py tests/ -q</command-line><filter><test re="0">tests/</test></filter><test-suite id="tests/test_preprocessing.py::AggregationTests" name="tests/test_preprocessing.py::AggregationTests" fullname="tests/test_preprocessing.py::AggregationTests" methodname="" classname="" runstate="Runnable" type="Assembly" testcasecount="0" result="Passed" label="" start-time="0001-01-01 00:00:00.000000" end-time="0001-01-01 00:00:00.000000" duration="0.0" asserts="0" total="0" passed="0" failed="0" warnings="0" inconclusive="0" skipped="0"><properties><property name="python_version" value="3.12.7 | packaged by Anaconda, Inc. | (main, Oct  4 2024, 08:22:19) [Clang 14.0.6 ]" /></properties><environment framework-version="3.6.2" clr-version="3.12.7 | packaged by Anaconda, Inc. | (main, Oct  4 2024, 08:22:19) [Clang 14.0.6 ]" os-version="25.5.0" platform="Darwin" cwd="/Users/starsrain/2025_codeProject/GreenSpace_CNN" machine-name="arm64" user="" user-domain="" culture="C" uiculture="C" os-architecture="64bit" /></test-suite><test-suite id="tests/test_preprocessing.py::SplitTests" name="tests/test_preprocessing.py::SplitTests" fullname="tests/test_preprocessing.py::SplitTests" methodname="" classname="" runstate="Runnable" type="Assembly" testcasecount="0" result="Passed" label="" start-time="0001-01-01 00:00:00.000000" end-time="0001-01-01 00:00:00.000000" duration="0.0" asserts="0" total="0" passed="0" failed="0" warnings="0" inconclusive="0" skipped="0"><properties><property name="python_version" value="3.12.7 | packaged by Anaconda, Inc. | (main, Oct  4 2024, 08:22:19) [Clang 14.0.6 ]" /></properties><environment framework-version="3.6.2" clr-version="3.12.7 | packaged by Anaconda, Inc. | (main, Oct  4 2024, 08:22:19) [Clang 14.0.6 ]" os-version="25.5.0" platform="Darwin" cwd="/Users/starsrain/2025_codeProject/GreenSpace_CNN" machine-name="arm64" user="" user-domain="" culture="C" uiculture="C" os-architecture="64bit" /></test-suite><test-suite id="tests/test_preprocessing.py::CleaningTests" name="tests/test_preprocessing.py::CleaningTests" fullname="tests/test_preprocessing.py::CleaningTests" methodname="" classname="" runstate="Runnable" type="Assembly" testcasecount="0" result="Passed" label="" start-time="0001-01-01 00:00:00.000000" end-time="0001-01-01 00:00:00.000000" duration="0.0" asserts="0" total="0" passed="0" failed="0" warnings="0" inconclusive="0" skipped="0"><properties><property name="python_version" value="3.12.7 | packaged by Anaconda, Inc. | (main, Oct  4 2024, 08:22:19) [Clang 14.0.6 ]" /></properties><environment framework-version="3.6.2" clr-version="3.12.7 | packaged by Anaconda, Inc. | (main, Oct  4 2024, 08:22:19) [Clang 14.0.6 ]" os-version="25.5.0" platform="Darwin" cwd="/Users/starsrain/2025_codeProject/GreenSpace_CNN" machine-name="arm64" user="" user-domain="" culture="C" uiculture="C" os-architecture="64bit" /></test-suite></test-run>